running develop
running egg_info
creating gate_detection.egg-info
writing gate_detection.egg-info/PKG-INFO
writing dependency_links to gate_detection.egg-info/dependency_links.txt
writing entry points to gate_detection.egg-info/entry_points.txt
writing requirements to gate_detection.egg-info/requires.txt
writing top-level names to gate_detection.egg-info/top_level.txt
writing manifest file 'gate_detection.egg-info/SOURCES.txt'
reading manifest file 'gate_detection.egg-info/SOURCES.txt'
writing manifest file 'gate_detection.egg-info/SOURCES.txt'
running build_ext
Creating /home/ricardo/ros2_ws/install/gate_detection/lib/python3.10/site-packages/gate-detection.egg-link (link to .)
Installing gate_detection script to /home/ricardo/ros2_ws/install/gate_detection/lib/gate_detection
Installing mission_sm script to /home/ricardo/ros2_ws/install/gate_detection/lib/gate_detection

Installed /home/ricardo/ros2_ws/build/gate_detection
running symlink_data
creating /home/ricardo/ros2_ws/install/gate_detection/share/ament_index
creating /home/ricardo/ros2_ws/install/gate_detection/share/ament_index/resource_index
creating /home/ricardo/ros2_ws/install/gate_detection/share/ament_index/resource_index/packages
symbolically linking /home/ricardo/ros2_ws/build/gate_detection/resource/gate_detection -> /home/ricardo/ros2_ws/install/gate_detection/share/ament_index/resource_index/packages
symbolically linking /home/ricardo/ros2_ws/build/gate_detection/package.xml -> /home/ricardo/ros2_ws/install/gate_detection/share/gate_detection
