[0.382s] Invoking command in '/home/ricardo/ros2_ws/build/gate_detection': PYTHONPATH=/home/ricardo/ros2_ws/build/gate_detection/prefix_override:/usr/lib/python3/dist-packages/colcon_core/task/python/colcon_distutils_commands:/home/ricardo/ros2_ws/install/gate_detection/lib/python3.10/site-packages:${PYTHONPATH} /usr/bin/python3 -W ignore:setup.py install is deprecated -W ignore:easy_install command is deprecated setup.py develop --editable --build-directory /home/ricardo/ros2_ws/build/gate_detection/build --no-deps symlink_data
[0.538s] running develop
[0.653s] running egg_info
[0.653s] creating gate_detection.egg-info
[0.653s] writing gate_detection.egg-info/PKG-INFO
[0.653s] writing dependency_links to gate_detection.egg-info/dependency_links.txt
[0.653s] writing entry points to gate_detection.egg-info/entry_points.txt
[0.654s] writing requirements to gate_detection.egg-info/requires.txt
[0.654s] writing top-level names to gate_detection.egg-info/top_level.txt
[0.654s] writing manifest file 'gate_detection.egg-info/SOURCES.txt'
[0.655s] reading manifest file 'gate_detection.egg-info/SOURCES.txt'
[0.655s] writing manifest file 'gate_detection.egg-info/SOURCES.txt'
[0.656s] running build_ext
[0.656s] Creating /home/ricardo/ros2_ws/install/gate_detection/lib/python3.10/site-packages/gate-detection.egg-link (link to .)
[0.657s] 
[0.657s] Installed /home/ricardo/ros2_ws/build/gate_detection
[0.657s] running symlink_data
[0.657s] creating /home/ricardo/ros2_ws/install/gate_detection/share/ament_index
[0.657s] creating /home/ricardo/ros2_ws/install/gate_detection/share/ament_index/resource_index
[0.657s] creating /home/ricardo/ros2_ws/install/gate_detection/share/ament_index/resource_index/packages
[0.657s] symbolically linking /home/ricardo/ros2_ws/build/gate_detection/resource/gate_detection -> /home/ricardo/ros2_ws/install/gate_detection/share/ament_index/resource_index/packages
[0.657s] symbolically linking /home/ricardo/ros2_ws/build/gate_detection/package.xml -> /home/ricardo/ros2_ws/install/gate_detection/share/gate_detection
[0.679s] Invoked command in '/home/ricardo/ros2_ws/build/gate_detection' returned '0': PYTHONPATH=/home/ricardo/ros2_ws/build/gate_detection/prefix_override:/usr/lib/python3/dist-packages/colcon_core/task/python/colcon_distutils_commands:/home/ricardo/ros2_ws/install/gate_detection/lib/python3.10/site-packages:${PYTHONPATH} /usr/bin/python3 -W ignore:setup.py install is deprecated -W ignore:easy_install command is deprecated setup.py develop --editable --build-directory /home/ricardo/ros2_ws/build/gate_detection/build --no-deps symlink_data
