running develop
running egg_info
creating aruco_mission_pkg.egg-info
writing aruco_mission_pkg.egg-info/PKG-INFO
writing dependency_links to aruco_mission_pkg.egg-info/dependency_links.txt
writing entry points to aruco_mission_pkg.egg-info/entry_points.txt
writing requirements to aruco_mission_pkg.egg-info/requires.txt
writing top-level names to aruco_mission_pkg.egg-info/top_level.txt
writing manifest file 'aruco_mission_pkg.egg-info/SOURCES.txt'
reading manifest file 'aruco_mission_pkg.egg-info/SOURCES.txt'
writing manifest file 'aruco_mission_pkg.egg-info/SOURCES.txt'
running build_ext
Creating /home/ricardo/ros2_ws/install/aruco_mission_pkg/lib/python3.10/site-packages/aruco-mission-pkg.egg-link (link to .)

Installed /home/ricardo/ros2_ws/build/aruco_mission_pkg
running symlink_data
creating /home/ricardo/ros2_ws/install/aruco_mission_pkg/share/ament_index
creating /home/ricardo/ros2_ws/install/aruco_mission_pkg/share/ament_index/resource_index
creating /home/ricardo/ros2_ws/install/aruco_mission_pkg/share/ament_index/resource_index/packages
symbolically linking /home/ricardo/ros2_ws/build/aruco_mission_pkg/resource/aruco_mission_pkg -> /home/ricardo/ros2_ws/install/aruco_mission_pkg/share/ament_index/resource_index/packages
symbolically linking /home/ricardo/ros2_ws/build/aruco_mission_pkg/package.xml -> /home/ricardo/ros2_ws/install/aruco_mission_pkg/share/aruco_mission_pkg
